[15:05:59 - main] [Cooja.java:3174] [WARN] - JAVA_HOME environment variable not set, Cooja motes may not compile
[15:05:59 - main] [Cooja.java:1317] [INFO] - > Starting Cooja
[15:05:59 - main] [Cooja.java:2858] [INFO] - External tools default settings: /external_tools_linux_64.config
[15:05:59 - main] [Cooja.java:2888] [INFO] - External tools user settings: /home/arthur/.cooja.user.properties
[15:05:59 - main] [Cooja.java:4263] [WARN] - Replaced [APPS_DIR]/collect-view with /home/arthur/cooja/apps/collect-view (default: /home/arthur/cooja/apps), but could not find it. This does not have to be an error, as the file might be created later.
[15:05:59 - main] [Cooja.java:3627] [WARN] - Loaded simulation may depend on not found  extension: '/home/arthur/cooja/apps/collect-view'
[15:05:59 - main] [Simulation.java:422] [INFO] - Simulation random seed: 123456
[15:05:59 - main] [MspMote.java:235] [INFO] - Loading firmware from: /home/arthur/Desktop/LPWN_IoT/Lab/Lab6/collect/cooja_no_gui/../app.sky
[15:05:59 - main] [MspMote.java:235] [INFO] - Loading firmware from: /home/arthur/Desktop/LPWN_IoT/Lab/Lab6/collect/cooja_no_gui/../app.sky
[15:05:59 - main] [MspMote.java:235] [INFO] - Loading firmware from: /home/arthur/Desktop/LPWN_IoT/Lab/Lab6/collect/cooja_no_gui/../app.sky
[15:06:00 - main] [MspMote.java:235] [INFO] - Loading firmware from: /home/arthur/Desktop/LPWN_IoT/Lab/Lab6/collect/cooja_no_gui/../app.sky
[15:06:00 - main] [MspMote.java:235] [INFO] - Loading firmware from: /home/arthur/Desktop/LPWN_IoT/Lab/Lab6/collect/cooja_no_gui/../app.sky
[15:06:00 - main] [MspMote.java:235] [INFO] - Loading firmware from: /home/arthur/Desktop/LPWN_IoT/Lab/Lab6/collect/cooja_no_gui/../app.sky
[15:06:00 - main] [MspMote.java:235] [INFO] - Loading firmware from: /home/arthur/Desktop/LPWN_IoT/Lab/Lab6/collect/cooja_no_gui/../app.sky
[15:06:00 - main] [MspMote.java:235] [INFO] - Loading firmware from: /home/arthur/Desktop/LPWN_IoT/Lab/Lab6/collect/cooja_no_gui/../app.sky
[15:06:00 - main] [MspMote.java:235] [INFO] - Loading firmware from: /home/arthur/Desktop/LPWN_IoT/Lab/Lab6/collect/cooja_no_gui/../app.sky
[15:06:00 - main] [MspMote.java:235] [INFO] - Loading firmware from: /home/arthur/Desktop/LPWN_IoT/Lab/Lab6/collect/cooja_no_gui/../app.sky
[15:06:00 - main] [Cooja.java:1783] [INFO] - Visualized plugin was not started: class org.contikios.cooja.plugins.SimControl
[15:06:00 - main] [Cooja.java:1783] [INFO] - Visualized plugin was not started: class org.contikios.cooja.plugins.Visualizer
[15:06:00 - main] [Cooja.java:1783] [INFO] - Visualized plugin was not started: class org.contikios.cooja.plugins.LogListener
[15:06:00 - main] [Cooja.java:1783] [INFO] - Visualized plugin was not started: class org.contikios.cooja.plugins.TimeLine
[15:06:00 - main] [Cooja.java:1783] [INFO] - Visualized plugin was not started: class org.contikios.cooja.plugins.RadioLogger
[15:06:00 - main] [ScriptRunner.java:430] [INFO] - Test script deactivated
[15:06:01 - main] [LogScriptEngine.java:265] [INFO] - Script timeout in 1800000 ms
[15:06:01 - main] [ScriptRunner.java:387] [INFO] - Test script activated
[15:06:01 - Thread-3] [Simulation.java:253] [INFO] - Simulation main loop started, system time: 1668693961214
[15:06:08 - Thread-3] [LogScriptEngine.java:389] [INFO] - Test script at 5.00%, done in 140.4 sec
[15:06:14 - Thread-3] [LogScriptEngine.java:389] [INFO] - Test script at 10.00%, done in 118.9 sec
[15:06:20 - Thread-3] [LogScriptEngine.java:389] [INFO] - Test script at 15.00%, done in 108.3 sec
[15:06:26 - Thread-3] [LogScriptEngine.java:389] [INFO] - Test script at 20.00%, done in 99.6 sec
[15:06:32 - Thread-3] [LogScriptEngine.java:389] [INFO] - Test script at 25.00%, done in 92.7 sec
[15:06:38 - Thread-3] [LogScriptEngine.java:389] [INFO] - Test script at 30.00%, done in 85.9 sec
[15:06:44 - Thread-3] [LogScriptEngine.java:389] [INFO] - Test script at 35.00%, done in 79.6 sec
[15:06:50 - Thread-3] [LogScriptEngine.java:389] [INFO] - Test script at 40.00%, done in 73.2 sec
[15:06:55 - Thread-3] [LogScriptEngine.java:389] [INFO] - Test script at 45.00%, done in 67.0 sec
[15:07:01 - Thread-3] [LogScriptEngine.java:389] [INFO] - Test script at 50.00%, done in 60.7 sec
[15:07:07 - Thread-3] [LogScriptEngine.java:389] [INFO] - Test script at 55.00%, done in 54.5 sec
[15:07:13 - Thread-3] [LogScriptEngine.java:389] [INFO] - Test script at 60.00%, done in 48.3 sec
[15:07:19 - Thread-3] [LogScriptEngine.java:389] [INFO] - Test script at 65.00%, done in 42.2 sec
[15:07:25 - Thread-3] [LogScriptEngine.java:389] [INFO] - Test script at 70.00%, done in 36.2 sec
[15:07:31 - Thread-3] [LogScriptEngine.java:389] [INFO] - Test script at 75.00%, done in 30.1 sec
[15:07:37 - Thread-3] [LogScriptEngine.java:389] [INFO] - Test script at 80.00%, done in 24.0 sec
[15:07:43 - Thread-3] [LogScriptEngine.java:389] [INFO] - Test script at 85.00%, done in 18.0 sec
[15:07:49 - Thread-3] [LogScriptEngine.java:389] [INFO] - Test script at 90.00%, done in 12.0 sec
[15:07:55 - Thread-3] [LogScriptEngine.java:389] [INFO] - Test script at 95.00%, done in 6.0 sec
[15:08:00 - Thread-3] [LogScriptEngine.java:375] [INFO] - Timeout event @ 1800000000
[15:08:00 - Thread-3] [Simulation.java:312] [INFO] - Simulation main loop stopped, system time: 1668694080913	Duration: 119699 ms	Simulated time 1800000 ms	Ratio 15.037719613363521
[15:08:00 - Thread-2] [LogScriptEngine.java:309] [INFO] - Test script finished
[15:08:01 - AWT-EventQueue-1] [ScriptRunner.java:430] [INFO] - Test script deactivated
