[14:28:46 - main] [Cooja.java:3174] [WARN] - JAVA_HOME environment variable not set, Cooja motes may not compile
[14:28:46 - main] [Cooja.java:1317] [INFO] - > Starting Cooja
[14:28:46 - main] [Cooja.java:2858] [INFO] - External tools default settings: /external_tools_linux_64.config
[14:28:46 - main] [Cooja.java:2888] [INFO] - External tools user settings: /home/arthur/.cooja.user.properties
[14:28:47 - main] [Cooja.java:4263] [WARN] - Replaced [APPS_DIR]/collect-view with /home/arthur/cooja/apps/collect-view (default: /home/arthur/cooja/apps), but could not find it. This does not have to be an error, as the file might be created later.
[14:28:47 - main] [Cooja.java:3627] [WARN] - Loaded simulation may depend on not found  extension: '/home/arthur/cooja/apps/collect-view'
[14:28:47 - main] [Simulation.java:422] [INFO] - Simulation random seed: 123456
[14:28:47 - main] [MspMote.java:235] [INFO] - Loading firmware from: /home/arthur/Desktop/LPWN_IoT/Lab/Lab4/chain-exercise/chain.sky
[14:28:47 - main] [MspMote.java:235] [INFO] - Loading firmware from: /home/arthur/Desktop/LPWN_IoT/Lab/Lab4/chain-exercise/chain.sky
[14:28:47 - main] [MspMote.java:235] [INFO] - Loading firmware from: /home/arthur/Desktop/LPWN_IoT/Lab/Lab4/chain-exercise/chain.sky
[14:28:47 - main] [MspMote.java:235] [INFO] - Loading firmware from: /home/arthur/Desktop/LPWN_IoT/Lab/Lab4/chain-exercise/chain.sky
[14:28:47 - main] [MspMote.java:235] [INFO] - Loading firmware from: /home/arthur/Desktop/LPWN_IoT/Lab/Lab4/chain-exercise/chain.sky
[14:28:47 - main] [MspMote.java:235] [INFO] - Loading firmware from: /home/arthur/Desktop/LPWN_IoT/Lab/Lab4/chain-exercise/chain.sky
[14:28:48 - main] [MspMote.java:235] [INFO] - Loading firmware from: /home/arthur/Desktop/LPWN_IoT/Lab/Lab4/chain-exercise/chain.sky
[14:28:48 - main] [MspMote.java:235] [INFO] - Loading firmware from: /home/arthur/Desktop/LPWN_IoT/Lab/Lab4/chain-exercise/chain.sky
[14:28:48 - main] [MspMote.java:235] [INFO] - Loading firmware from: /home/arthur/Desktop/LPWN_IoT/Lab/Lab4/chain-exercise/chain.sky
[14:28:48 - main] [MspMote.java:235] [INFO] - Loading firmware from: /home/arthur/Desktop/LPWN_IoT/Lab/Lab4/chain-exercise/chain.sky
[14:28:48 - main] [Visualizer.java:256] [INFO] - Registered external visualizer: org.contikios.cooja.plugins.skins.DGRMVisualizerSkin
[14:28:48 - main] [TimeLine.java:567] [INFO] - Zoom level: 50000.0 microseconds/pixel 
[14:29:00 - Thread-1] [Simulation.java:253] [INFO] - Simulation main loop started, system time: 1666873740403
[14:29:14 - Thread-1] [Simulation.java:312] [INFO] - Simulation main loop stopped, system time: 1666873754321	Duration: 13918 ms	Simulated time 13918 ms	Ratio 1.0
[14:29:34 - Thread-2] [Simulation.java:253] [INFO] - Simulation main loop started, system time: 1666873774533
[14:29:44 - Thread-2] [Simulation.java:312] [INFO] - Simulation main loop stopped, system time: 1666873784011	Duration: 9478 ms	Simulated time 23394 ms	Ratio 2.4682422451994093
[14:30:01 - Thread-3] [Simulation.java:253] [INFO] - Simulation main loop started, system time: 1666873801210
[14:30:15 - Thread-3] [Simulation.java:312] [INFO] - Simulation main loop stopped, system time: 1666873815219	Duration: 14009 ms	Simulated time 37402 ms	Ratio 2.6698550931544007
[14:35:07 - Thread-4] [Simulation.java:253] [INFO] - Simulation main loop started, system time: 1666874107350
[14:35:49 - Thread-4] [Simulation.java:312] [INFO] - Simulation main loop stopped, system time: 1666874149837	Duration: 42487 ms	Simulated time 79873 ms	Ratio 1.8799397462753313
