[11:05:07 - main] [Cooja.java:3174] [WARN] - JAVA_HOME environment variable not set, Cooja motes may not compile
[11:05:07 - main] [Cooja.java:1317] [INFO] - > Starting Cooja
[11:05:08 - main] [Cooja.java:2858] [INFO] - External tools default settings: /external_tools_linux_64.config
[11:05:08 - main] [Cooja.java:2888] [INFO] - External tools user settings: /home/arthur/.cooja.user.properties
[11:05:08 - main] [Cooja.java:4263] [WARN] - Replaced [APPS_DIR]/collect-view with /home/arthur/cooja/apps/collect-view (default: /home/arthur/cooja/apps), but could not find it. This does not have to be an error, as the file might be created later.
[11:05:08 - main] [Cooja.java:3627] [WARN] - Loaded simulation may depend on not found  extension: '/home/arthur/cooja/apps/collect-view'
[11:05:08 - main] [Simulation.java:422] [INFO] - Simulation random seed: 123456
[11:05:08 - main] [MspMote.java:235] [INFO] - Loading firmware from: /home/arthur/Desktop/Intercambio/LPWN_IoT/Lab/Lab2/ping-pong/node.sky
[11:05:09 - main] [MspMote.java:235] [INFO] - Loading firmware from: /home/arthur/Desktop/Intercambio/LPWN_IoT/Lab/Lab2/ping-pong/node.sky
[11:05:09 - main] [Visualizer.java:256] [INFO] - Registered external visualizer: org.contikios.cooja.plugins.skins.DGRMVisualizerSkin
[11:05:10 - main] [TimeLine.java:567] [INFO] - Zoom level: 50000.0 microseconds/pixel 
[11:05:18 - AWT-EventQueue-0] [MspMote.java:235] [INFO] - Loading firmware from: /home/arthur/Desktop/Intercambio/LPWN_IoT/Lab/Lab2/ping-pong/node.sky
[11:05:18 - AWT-EventQueue-0] [MspMote.java:235] [INFO] - Loading firmware from: /home/arthur/Desktop/Intercambio/LPWN_IoT/Lab/Lab2/ping-pong/node.sky
[11:05:18 - AWT-EventQueue-0] [MspMote.java:235] [INFO] - Loading firmware from: /home/arthur/Desktop/Intercambio/LPWN_IoT/Lab/Lab2/ping-pong/node.sky
[11:05:18 - AWT-EventQueue-0] [MspMote.java:235] [INFO] - Loading firmware from: /home/arthur/Desktop/Intercambio/LPWN_IoT/Lab/Lab2/ping-pong/node.sky
[11:05:18 - AWT-EventQueue-0] [MspMote.java:235] [INFO] - Loading firmware from: /home/arthur/Desktop/Intercambio/LPWN_IoT/Lab/Lab2/ping-pong/node.sky
[11:05:18 - AWT-EventQueue-0] [MspMote.java:235] [INFO] - Loading firmware from: /home/arthur/Desktop/Intercambio/LPWN_IoT/Lab/Lab2/ping-pong/node.sky
[11:05:18 - AWT-EventQueue-0] [MspMote.java:235] [INFO] - Loading firmware from: /home/arthur/Desktop/Intercambio/LPWN_IoT/Lab/Lab2/ping-pong/node.sky
[11:05:23 - Thread-0] [Simulation.java:253] [INFO] - Simulation main loop started, system time: 1665133523623
[11:06:43 - Thread-0] [Simulation.java:312] [INFO] - Simulation main loop stopped, system time: 1665133603937	Duration: 80314 ms	Simulated time 80111 ms	Ratio 0.9974724207485619
